<?xml version="1.0" encoding="UTF-8"?>
<testng-results ignored="0" total="1" passed="1" failed="0" skipped="0">
  <reporter-output>
  </reporter-output>
  <suite started-at="2026-03-24T23:31:33 IST" name="UI API Automation Suite" finished-at="2026-03-24T23:32:07 IST" duration-ms="34638">
    <groups>
      <group name="cucumber">
        <method signature="AbstractTestNGCucumberTests.runScenario(io.cucumber.testng.PickleWrapper,io.cucumber.testng.FeatureWrapper)[pri:0, instance:com.example.runner.TestRunner@7ce69770]" name="runScenario" class="io.cucumber.testng.AbstractTestNGCucumberTests"/>
      </group> <!-- cucumber -->
    </groups>
    <test started-at="2026-03-24T23:31:33 IST" name="Cucumber Tests" finished-at="2026-03-24T23:32:07 IST" duration-ms="34638">
      <class name="com.example.runner.TestRunner">
        <test-method is-config="true" signature="setUpClass(org.testng.ITestContext)[pri:0, instance:com.example.runner.TestRunner@7ce69770]" started-at="2026-03-24T23:31:33 IST" name="setUpClass" finished-at="2026-03-24T23:31:34 IST" duration-ms="1055" status="PASS">
          <params>
            <param index="0">
              <value>
                <![CDATA[org.testng.TestRunner@75663443]]>
              </value>
            </param>
          </params>
          <reporter-output>
          </reporter-output>
        </test-method> <!-- setUpClass -->
        <test-method signature="runScenario(io.cucumber.testng.PickleWrapper,io.cucumber.testng.FeatureWrapper)[pri:0, instance:com.example.runner.TestRunner@7ce69770]" started-at="2026-03-24T23:31:34 IST" name="runScenario" description="Runs Cucumber Scenarios" data-provider="scenarios" finished-at="2026-03-24T23:32:07 IST" duration-ms="33302" status="PASS">
          <params>
            <param index="0">
              <value>
                <![CDATA["Create user via API, login via UI, add product to cart via UI, verify cart via API, and delete user via API"]]>
              </value>
            </param>
            <param index="1">
              <value>
                <![CDATA["User Management and Shopping Flow"]]>
              </value>
            </param>
          </params>
          <reporter-output>
          </reporter-output>
        </test-method> <!-- runScenario -->
        <test-method is-config="true" signature="tearDownClass()[pri:0, instance:com.example.runner.TestRunner@7ce69770]" started-at="2026-03-24T23:32:07 IST" name="tearDownClass" finished-at="2026-03-24T23:32:07 IST" duration-ms="103" status="PASS">
          <reporter-output>
          </reporter-output>
        </test-method> <!-- tearDownClass -->
      </class> <!-- com.example.runner.TestRunner -->
    </test> <!-- Cucumber Tests -->
  </suite> <!-- UI API Automation Suite -->
</testng-results>
