<?xml version="1.0" encoding="UTF-8"?>
<testsuite xmlns:xsi="http://www.w3.org/2001/XMLSchema-instance" xsi:noNamespaceSchemaLocation="https://maven.apache.org/surefire/maven-surefire-plugin/xsd/surefire-test-report-3.0.xsd" version="3.0" name="TestSuite" time="36.43" tests="1" errors="0" skipped="0" failures="0">
  <properties>
[...]
</properties>
  <testcase name="runScenario[&quot;Create user via API, login via UI, add product to cart via UI, verify cart via API, and delete user via API&quot;, &quot;User Management and Shopping Flow&quot;](1)" classname="com.example.runner.TestRunner" time="33.219">
    <system-out><![CDATA[
Scenario: Create user via API, login via UI, add product to cart via UI, verify cart via API, and delete user via API             &amp#27;[90m# src/test/resources/features/createUserCheckLoginDeleteUser.feature:10&amp#27;[0m
  &amp#27;[32mGiven &amp#27;[0m&amp#27;[32mthe application is running&amp#27;[0m                                                                                                &amp#27;[90m# com.example.steps.UserManagementSteps.theApplicationIsRunning()&amp#27;[0m
  &amp#27;[32mWhen &amp#27;[0m&amp#27;[32mI create a new user via API with details from Excel &amp#27;[0m&amp#27;[32m&amp#27;[1m"src/test/resources/data/users_new.xlsx"&amp#27;[0m&amp#27;[32m sheet &amp#27;[0m&amp#27;[32m&amp#27;[1m"users"&amp#27;[0m                 &amp#27;[90m# com.example.steps.UserManagementSteps.iCreateANewUserViaAPIWithDetailsFromExcelSheet(java.lang.String,java.lang.String)&amp#27;[0m
  &amp#27;[32mThen &amp#27;[0m&amp#27;[32mthe user should be created successfully via API&amp#27;[0m                                                                            &amp#27;[90m# com.example.steps.UserManagementSteps.theUserShouldBeCreatedSuccessfullyViaAPI()&amp#27;[0m
  &amp#27;[32mWhen &amp#27;[0m&amp#27;[32mI login to the application via UI with username and password from &amp#27;[0m&amp#27;[32m&amp#27;[1m"src/test/resources/data/users_new.xlsx"&amp#27;[0m&amp#27;[32m sheet &amp#27;[0m&amp#27;[32m&amp#27;[1m"users"&amp#27;[0m   &amp#27;[90m# com.example.steps.UserManagementSteps.iLoginToTheApplicationViaUIWithUsernameAndPasswordFromExcel(java.lang.String,java.lang.String)&amp#27;[0m
  &amp#27;[32mThen &amp#27;[0m&amp#27;[32mI should be logged in successfully from UI and verify username from &amp#27;[0m&amp#27;[32m&amp#27;[1m"src/test/resources/data/users_new.xlsx"&amp#27;[0m&amp#27;[32m sheet &amp#27;[0m&amp#27;[32m&amp#27;[1m"users"&amp#27;[0m &amp#27;[90m# com.example.steps.UserManagementSteps.iShouldBeLoggedInSuccessfullyFromUIAndVerifyUsernameFromExcel(java.lang.String,java.lang.String)&amp#27;[0m
]]></system-out>
    <system-err><![CDATA[SLF4J: Failed to load class "org.slf4j.impl.StaticLoggerBinder".
SLF4J: Defaulting to no-operation (NOP) logger implementation
SLF4J: See http://www.slf4j.org/codes.html#StaticLoggerBinder for further details.
Mar 24, 2026 11:31:40 PM org.openqa.selenium.devtools.CdpVersionFinder findNearestMatch
WARNING: Unable to find CDP implementation matching 146
Mar 24, 2026 11:31:40 PM org.openqa.selenium.chromium.ChromiumDriver lambda$new$5
WARNING: Unable to find version of CDP to use for 146.0.7680.80. You may need to include a dependency on a specific version of the CDP using something similar to `org.seleniumhq.selenium:selenium-devtools-v86:4.15.0` where the version ("v86") matches the version of the chromium-based browser you're using and the version number of the artifact is the same as Selenium's.
ERROR StatusLogger Log4j2 could not find a logging implementation. Please add log4j-core to the classpath. Using SimpleLogger to log to the console...
]]></system-err>
  </testcase>
</testsuite>